"../../../../../../Users/vi894741/Documents/GitHub/Ascendant/AscendantWS/Content/AI/RangedAI/ChaseStatus2.uasset" 0
"../../../../../../Users/vi894741/Documents/GitHub/Ascendant/AscendantWS/Content/AI/RangedAI/PatrolPath2.uasset" 1
"../../../../../../Users/vi894741/Documents/GitHub/Ascendant/AscendantWS/Content/AI/RangedAI/FirstPerson/Meshes/BaseMaterial.uasset" 2
"../../../../../../Users/vi894741/Documents/GitHub/Ascendant/AscendantWS/Content/AI/RangedAI/FirstPerson/Meshes/FirstPersonProjectileMaterial.uasset" 3
"../../../../../../Users/vi894741/Documents/GitHub/Ascendant/AscendantWS/Content/WidgetsStrucs/ActiveItemStruc.uasset" 4
"../../../../../../Users/vi894741/Documents/GitHub/Ascendant/AscendantWS/Content/WidgetsStrucs/ActiveSlotStruc.uasset" 5
"../../../../../../Users/vi894741/Documents/GitHub/Ascendant/AscendantWS/Content/WidgetsStrucs/MiscItemStruc.uasset" 6
"../../../../../../Users/vi894741/Documents/GitHub/Ascendant/AscendantWS/Content/WidgetsStrucs/MiscSlotStruc.uasset" 7
"../../../../../../Users/vi894741/Documents/GitHub/Ascendant/AscendantWS/Content/WidgetsStrucs/WeaponItemStruc.uasset" 8
"../../../../../../Users/vi894741/Documents/GitHub/Ascendant/AscendantWS/Content/WidgetsStrucs/WeaponSlotStruc.uasset" 9
"../../../../../../Users/vi894741/Documents/GitHub/Ascendant/AscendantWS/Content/Blueprints/InventoryComponent.uasset" 10
"../../../../../../Users/vi894741/Documents/GitHub/Ascendant/AscendantWS/Content/ThirdPersonStuff/Mannequin/Character/Mesh/UE4_Mannequin_Skeleton.uasset" 11
"../../../../../../Users/vi894741/Documents/GitHub/Ascendant/AscendantWS/Content/ThirdPersonStuff/Mannequin/Animations/ThirdPersonJump_End.uasset" 12
"../../../../../../Users/vi894741/Documents/GitHub/Ascendant/AscendantWS/Content/ThirdPersonStuff/Mannequin/Animations/ThirdPersonJump_Loop.uasset" 13
"../../../../../../Users/vi894741/Documents/GitHub/Ascendant/AscendantWS/Content/ThirdPersonStuff/Mannequin/Animations/ThirdPersonJump_Start.uasset" 14
"../../../../../../Users/vi894741/Documents/GitHub/Ascendant/AscendantWS/Content/PlayerCharacter/Anims/swordandshieldidle4UE4.uasset" 15
"../../../../../../Users/vi894741/Documents/GitHub/Ascendant/AscendantWS/Content/PlayerCharacter/Anims/swordandshieldrun4UE4.uasset" 16
"../../../../../../Users/vi894741/Documents/GitHub/Ascendant/AscendantWS/Content/PlayerCharacter/PlayerCharAnimBS.uasset" 17
"../../../Engine/Content/EditorBlueprintResources/StandardMacros.uasset" 18
"../../../../../../Users/vi894741/Documents/GitHub/Ascendant/AscendantWS/Content/PlayerCharacter/PlayerCharAnimBP.uasset" 19
"../../../../../../Users/vi894741/Documents/GitHub/Ascendant/AscendantWS/Content/PlayerCharacter/Anims/swordandshieldslash_3_4UE4.uasset" 20
"../../../../../../Users/vi894741/Documents/GitHub/Ascendant/AscendantWS/Content/PlayerCharacter/AnimMontages/LightAttack1.uasset" 21
"../../../../../../Users/vi894741/Documents/GitHub/Ascendant/AscendantWS/Content/PlayerCharacter/Anims/swordandshieldslash4UE4.uasset" 22
"../../../../../../Users/vi894741/Documents/GitHub/Ascendant/AscendantWS/Content/PlayerCharacter/AnimMontages/LightAttack2.uasset" 23
"../../../../../../Users/vi894741/Documents/GitHub/Ascendant/AscendantWS/Content/PlayerCharacter/Anims/swordandshieldattack_4_4UE4.uasset" 24
"../../../../../../Users/vi894741/Documents/GitHub/Ascendant/AscendantWS/Content/PlayerCharacter/AnimMontages/LightAttack3.uasset" 25
"../../../../../../Users/vi894741/Documents/GitHub/Ascendant/AscendantWS/Content/Blueprints/Concept_BPI.uasset" 26
"../../../../../../Users/vi894741/Documents/GitHub/Ascendant/AscendantWS/Content/Blueprints/InteractInterface.uasset" 27
"../../../../../../Users/vi894741/Documents/GitHub/Ascendant/AscendantWS/Content/Blueprints/PlayerStatsComponent.uasset" 28
"../../../../../../Users/vi894741/Documents/GitHub/Ascendant/AscendantWS/Content/PlayerCharacter/Glide.uasset" 29
"../../../../../../Users/vi894741/Documents/GitHub/Ascendant/AscendantWS/Content/ScarecrowTarget/Indicator.uasset" 30
"../../../../../../Users/vi894741/Documents/GitHub/Ascendant/AscendantWS/Content/WidgetsStrucs/HealthBarWidget.uasset" 31
"../../../Engine/Content/Functions/Engine_MaterialFunctions01/Opacity/CameraDepthFade.uasset" 32
"../../../Engine/Content/EngineMaterials/T_Default_Material_Grid_M.uasset" 33
"../../../Engine/Content/EngineMaterials/T_Default_Material_Grid_N.uasset" 34
"../../../Engine/Content/EngineMaterials/DefaultMaterial.uasset" 35
"../../../Engine/Content/BasicShapes/Cone.uasset" 36
"../../../../../../Users/vi894741/Documents/GitHub/Ascendant/AscendantWS/Content/ParticleEffects/fireParticle.uasset" 37
"../../../../../../Users/vi894741/Documents/GitHub/Ascendant/AscendantWS/Content/ParticleEffects/Fire.uasset" 38
"../../../../../../Users/vi894741/Documents/GitHub/Ascendant/AscendantWS/Content/ParticleEffects/FirePS.uasset" 39
"../../../../../../Users/vi894741/Documents/GitHub/Ascendant/AscendantWS/Content/ParticleEffects/lightningParticle.uasset" 40
"../../../../../../Users/vi894741/Documents/GitHub/Ascendant/AscendantWS/Content/ParticleEffects/Lightning.uasset" 41
"../../../../../../Users/vi894741/Documents/GitHub/Ascendant/AscendantWS/Content/ParticleEffects/LightningPS.uasset" 42
"../../../../../../Users/vi894741/Documents/GitHub/Ascendant/AscendantWS/Content/ParticleEffects/waterParticle.uasset" 43
"../../../../../../Users/vi894741/Documents/GitHub/Ascendant/AscendantWS/Content/ParticleEffects/Water.uasset" 44
"../../../../../../Users/vi894741/Documents/GitHub/Ascendant/AscendantWS/Content/ParticleEffects/WaterPS.uasset" 45
"../../../../../../Users/vi894741/Documents/GitHub/Ascendant/AscendantWS/Content/ScarecrowTarget/ClothTex.uasset" 46
"../../../../../../Users/vi894741/Documents/GitHub/Ascendant/AscendantWS/Content/ScarecrowTarget/Ragdoll.uasset" 47
"../../../../../../Users/vi894741/Documents/GitHub/Ascendant/AscendantWS/Content/ScarecrowTarget/StrawTex.uasset" 48
"../../../../../../Users/vi894741/Documents/GitHub/Ascendant/AscendantWS/Content/ScarecrowTarget/Straw.uasset" 49
"../../../../../../Users/vi894741/Documents/GitHub/Ascendant/AscendantWS/Content/ScarecrowTarget/WoodGrainTex.uasset" 50
"../../../../../../Users/vi894741/Documents/GitHub/Ascendant/AscendantWS/Content/ScarecrowTarget/Wood.uasset" 51
"../../../../../../Users/vi894741/Documents/GitHub/Ascendant/AscendantWS/Content/ScarecrowTarget/ScareCrow.uasset" 52
"../../../../../../Users/vi894741/Documents/GitHub/Ascendant/AscendantWS/Content/ScarecrowTarget/ScarecrowTarget.uasset" 53
"../../../../../../Users/vi894741/Documents/GitHub/Ascendant/AscendantWS/Content/ThirdPersonStuff/Mannequin/Character/Materials/MaterialLayers/T_ML_Rubber_Blue_01_D.uasset" 54
"../../../../../../Users/vi894741/Documents/GitHub/Ascendant/AscendantWS/Content/Materials/Wood.uasset" 55
"../../../../../../Users/vi894741/Documents/GitHub/Ascendant/AscendantWS/Content/Meshes/XiphosTextures/LP_Xiphos_BaseColor.uasset" 56
"../../../../../../Users/vi894741/Documents/GitHub/Ascendant/AscendantWS/Content/Meshes/XiphosTextures/LP_Xiphos_Normal.uasset" 57
"../../../../../../Users/vi894741/Documents/GitHub/Ascendant/AscendantWS/Content/Meshes/XiphosTextures/LP_Xiphos_OcclusionRoughnessMetallic.uasset" 58
"../../../../../../Users/vi894741/Documents/GitHub/Ascendant/AscendantWS/Content/Meshes/XiphosMat.uasset" 59
"../../../Engine/Content/Functions/Engine_MaterialFunctions02/Utility/BlendAngleCorrectedNormals.uasset" 60
"../../../Engine/Content/Functions/MaterialLayerFunctions/MatLayerBlend_NormalBlend.uasset" 61
"../../../Engine/Content/Functions/MaterialLayerFunctions/MatLayerBlend_Simple.uasset" 62
"../../../../../../Users/vi894741/Documents/GitHub/Ascendant/AscendantWS/Content/ThirdPersonStuff/Mannequin/Character/Materials/MaterialLayers/T_ML_Rubber_Blue_01_N.uasset" 63
"../../../../../../Users/vi894741/Documents/GitHub/Ascendant/AscendantWS/Content/ThirdPersonStuff/Mannequin/Character/Materials/MaterialLayers/ML_GlossyBlack_Latex_UE4.uasset" 64
"../../../../../../Users/vi894741/Documents/GitHub/Ascendant/AscendantWS/Content/ThirdPersonStuff/Mannequin/Character/Materials/MaterialLayers/ML_Plastic_Shiny_Beige.uasset" 65
"../../../../../../Users/vi894741/Documents/GitHub/Ascendant/AscendantWS/Content/ThirdPersonStuff/Mannequin/Character/Textures/UE4_LOGO_CARD.uasset" 66
"../../../../../../Users/vi894741/Documents/GitHub/Ascendant/AscendantWS/Content/ThirdPersonStuff/Mannequin/Character/Materials/MaterialLayers/ML_Plastic_Shiny_Beige_LOGO.uasset" 67
"../../../../../../Users/vi894741/Documents/GitHub/Ascendant/AscendantWS/Content/ThirdPersonStuff/Mannequin/Character/Materials/MaterialLayers/T_ML_Aluminum01.uasset" 68
"../../../../../../Users/vi894741/Documents/GitHub/Ascendant/AscendantWS/Content/ThirdPersonStuff/Mannequin/Character/Materials/MaterialLayers/T_ML_Aluminum01_N.uasset" 69
"../../../../../../Users/vi894741/Documents/GitHub/Ascendant/AscendantWS/Content/ThirdPersonStuff/Mannequin/Character/Materials/MaterialLayers/ML_SoftMetal_UE4.uasset" 70
"../../../../../../Users/vi894741/Documents/GitHub/Ascendant/AscendantWS/Content/ThirdPersonStuff/Mannequin/Character/Textures/UE4_Mannequin__normals.uasset" 71
"../../../../../../Users/vi894741/Documents/GitHub/Ascendant/AscendantWS/Content/ThirdPersonStuff/Mannequin/Character/Textures/UE4_Mannequin_MAT_MASKA.uasset" 72
"../../../../../../Users/vi894741/Documents/GitHub/Ascendant/AscendantWS/Content/PlayerCharacter/Player_Body.uasset" 73
"../../../../../../Users/vi894741/Documents/GitHub/Ascendant/AscendantWS/Content/ThirdPersonStuff/Mannequin/Character/Materials/M_UE4Man_Body.uasset" 74
"../../../../../../Users/vi894741/Documents/GitHub/Ascendant/AscendantWS/Content/ThirdPersonStuff/Mannequin/Character/Textures/UE4Man_Logo_N.uasset" 75
"../../../../../../Users/vi894741/Documents/GitHub/Ascendant/AscendantWS/Content/PlayerCharacter/Player_Chest.uasset" 76
"../../../../../../Users/vi894741/Documents/GitHub/Ascendant/AscendantWS/Content/UI/drop.uasset" 77
"../../../../../../Users/vi894741/Documents/GitHub/Ascendant/AscendantWS/Content/UI/electric.uasset" 78
"../../../../../../Users/vi894741/Documents/GitHub/Ascendant/AscendantWS/Content/UI/flame.uasset" 79
"../../../../../../Users/vi894741/Documents/GitHub/Ascendant/AscendantWS/Content/WidgetsStrucs/PlayerHUD.uasset" 80
"../../../Engine/Content/EngineMaterials/WorldGridMaterial.uasset" 81
"../../../../../../Users/vi894741/Documents/GitHub/Ascendant/AscendantWS/Content/Meshes/Shield.uasset" 82
"../../../../../../Users/vi894741/Documents/GitHub/Ascendant/AscendantWS/Content/Meshes/Xiphos_quad.uasset" 83
"../../../../../../Users/vi894741/Documents/GitHub/Ascendant/AscendantWS/Content/Sounds/whistle.uasset" 84
"../../../../../../Users/vi894741/Documents/GitHub/Ascendant/AscendantWS/Content/ThirdPersonStuff/Mannequin/Character/Materials/M_UE4Man_ChestLogo.uasset" 85
"../../../../../../Users/vi894741/Documents/GitHub/Ascendant/AscendantWS/Content/ThirdPersonStuff/Mannequin/Character/Mesh/SK_Mannequin_PhysicsAsset.uasset" 86
"../../../../../../Users/vi894741/Documents/GitHub/Ascendant/AscendantWS/Content/ThirdPersonStuff/Mannequin/Character/Mesh/SK_Mannequin.uasset" 87
"../../../../../../Users/vi894741/Documents/GitHub/Ascendant/AscendantWS/Content/WidgetsStrucs/ActiveInvSpaceWidget.uasset" 88
"../../../../../../Users/vi894741/Documents/GitHub/Ascendant/AscendantWS/Content/WidgetsStrucs/MiscInvSpaceWidget.uasset" 89
"../../../../../../Users/vi894741/Documents/GitHub/Ascendant/AscendantWS/Content/WidgetsStrucs/EquipSlotWidget.uasset" 90
"../../../../../../Users/vi894741/Documents/GitHub/Ascendant/AscendantWS/Content/WidgetsStrucs/WeaponInvSpaceWidget.uasset" 91
"../../../../../../Users/vi894741/Documents/GitHub/Ascendant/AscendantWS/Content/WidgetsStrucs/InventoryWidget.uasset" 92
"../../../../../../Users/vi894741/Documents/GitHub/Ascendant/AscendantWS/Content/Sounds/GameSM.uasset" 93
"../../../../../../Users/vi894741/Documents/GitHub/Ascendant/AscendantWS/Content/Sounds/MusicSC.uasset" 94
"../../../../../../Users/vi894741/Documents/GitHub/Ascendant/AscendantWS/Content/Sounds/SoundSC.uasset" 95
"../../../../../../Users/vi894741/Documents/GitHub/Ascendant/AscendantWS/Content/Sounds/MasterSC.uasset" 96
"../../../../../../Users/vi894741/Documents/GitHub/Ascendant/AscendantWS/Content/WidgetsStrucs/PauseMenuWidget.uasset" 97
"../../../../../../Users/vi894741/Documents/GitHub/Ascendant/AscendantWS/Content/PlayerCharacter/PlayerCharA.uasset" 98
"../../../../../../Users/vi894741/Documents/GitHub/Ascendant/AscendantWS/Content/Materials/Common.uasset" 99
"../../../Engine/Content/BasicShapes/Sphere.uasset" 100
"../../../../../../Users/vi894741/Documents/GitHub/Ascendant/AscendantWS/Content/Blueprints/MiscItem.uasset" 101
"../../../../../../Users/vi894741/Documents/GitHub/Ascendant/AscendantWS/Content/Blueprints/CommonItem.uasset" 102
"../../../../../../Users/vi894741/Documents/GitHub/Ascendant/AscendantWS/Content/Materials/Uncommon.uasset" 103
"../../../../../../Users/vi894741/Documents/GitHub/Ascendant/AscendantWS/Content/Blueprints/ActiveItem.uasset" 104
"../../../../../../Users/vi894741/Documents/GitHub/Ascendant/AscendantWS/Content/Blueprints/UncommonItem.uasset" 105
"../../Plugins/Enterprise/DatasmithContent/Content/Blueprints/FBXImporter/ArrayOfActor.uasset" 106
"../../../../../../Users/vi894741/Documents/GitHub/Ascendant/AscendantWS/Content/Materials/Bronze.uasset" 107
"../../../../../../Users/vi894741/Documents/GitHub/Ascendant/AscendantWS/Content/Materials/ChestBase.uasset" 108
"../../../../../../Users/vi894741/Documents/GitHub/Ascendant/AscendantWS/Content/Meshes/BigBronzeChest.uasset" 109
"../../../../../../Users/vi894741/Documents/GitHub/Ascendant/AscendantWS/Content/Blueprints/BigBronzeChest.uasset" 110
"../../../../../../Users/vi894741/Documents/GitHub/Ascendant/AscendantWS/Content/Materials/Rare.uasset" 111
"../../../../../../Users/vi894741/Documents/GitHub/Ascendant/AscendantWS/Content/Blueprints/WeaponItem.uasset" 112
"../../../../../../Users/vi894741/Documents/GitHub/Ascendant/AscendantWS/Content/Blueprints/RareItem.uasset" 113
"../../../../../../Users/vi894741/Documents/GitHub/Ascendant/AscendantWS/Content/Materials/Gold.uasset" 114
"../../../../../../Users/vi894741/Documents/GitHub/Ascendant/AscendantWS/Content/Meshes/BigGoldChest.uasset" 115
"../../../../../../Users/vi894741/Documents/GitHub/Ascendant/AscendantWS/Content/Blueprints/BigGoldChest.uasset" 116
"../../../../../../Users/vi894741/Documents/GitHub/Ascendant/AscendantWS/Content/Materials/UpgradeMat.uasset" 117
"../../../../../../Users/vi894741/Documents/GitHub/Ascendant/AscendantWS/Content/Meshes/BigSilverChest.uasset" 118
"../../../../../../Users/vi894741/Documents/GitHub/Ascendant/AscendantWS/Content/Blueprints/BigSilverChest.uasset" 119
"../../../../../../Users/vi894741/Documents/GitHub/Ascendant/AscendantWS/Content/Meshes/BronzeChest.uasset" 120
"../../../../../../Users/vi894741/Documents/GitHub/Ascendant/AscendantWS/Content/Blueprints/BronzeChest.uasset" 121
"../../../../../../Users/vi894741/Documents/GitHub/Ascendant/AscendantWS/Content/Meshes/GoldChest.uasset" 122
"../../../../../../Users/vi894741/Documents/GitHub/Ascendant/AscendantWS/Content/Blueprints/GoldChest.uasset" 123
"../../../../../../Users/vi894741/Documents/GitHub/Ascendant/AscendantWS/Content/Meshes/SilverChest.uasset" 124
"../../../../../../Users/vi894741/Documents/GitHub/Ascendant/AscendantWS/Content/Blueprints/SilverChest.uasset" 125
"../../../../../../Users/vi894741/Documents/GitHub/Ascendant/AscendantWS/Content/Blueprints/ChestSpawner.uasset" 126
"../../../../../../Users/vi894741/Documents/GitHub/Ascendant/AscendantWS/Content/AI/NPC/ChaseStatus.uasset" 127
"../../../../../../Users/vi894741/Documents/GitHub/Ascendant/AscendantWS/Content/AI/NPC/NPC_BB.uasset" 128
"../../../../../../Users/vi894741/Documents/GitHub/Ascendant/AscendantWS/Content/Mannequin/Character/Mesh/UE4_Mannequin_Skeleton.uasset" 129
"../../../../../../Users/vi894741/Documents/GitHub/Ascendant/AscendantWS/Content/Mannequin/Animations/ThirdPerson_Jump.uasset" 130
"../../../../../../Users/vi894741/Documents/GitHub/Ascendant/AscendantWS/Content/Mannequin/Animations/ThirdPersonJump_Loop.uasset" 131
"../../../../../../Users/vi894741/Documents/GitHub/Ascendant/AscendantWS/Content/Mannequin/Animations/ThirdPersonJump_Start.uasset" 132
"../../../../../../Users/vi894741/Documents/GitHub/Ascendant/AscendantWS/Content/Mannequin/Animations/ThirdPersonIdle.uasset" 133
"../../../../../../Users/vi894741/Documents/GitHub/Ascendant/AscendantWS/Content/Mannequin/Animations/ThirdPersonRun.uasset" 134
"../../../../../../Users/vi894741/Documents/GitHub/Ascendant/AscendantWS/Content/Mannequin/Animations/ThirdPersonWalk.uasset" 135
"../../../../../../Users/vi894741/Documents/GitHub/Ascendant/AscendantWS/Content/Mannequin/Animations/ThirdPerson_IdleRun_2D.uasset" 136
"../../../../../../Users/vi894741/Documents/GitHub/Ascendant/AscendantWS/Content/Mannequin/Animations/ThirdPerson_AnimBP.uasset" 137
"../../../../../../Users/vi894741/Documents/GitHub/Ascendant/AscendantWS/Content/Attack_PrimaryA.uasset" 138
"../../../../../../Users/vi894741/Documents/GitHub/Ascendant/AscendantWS/Content/Attack_PrimaryA_Montage.uasset" 139
"../../../../../../Users/vi894741/Documents/GitHub/Ascendant/AscendantWS/Content/AI/NPC/PatrolPath.uasset" 140
"../../../../../../Users/vi894741/Documents/GitHub/Ascendant/AscendantWS/Content/AI/NPC/NPC_AI.uasset" 141
"../../../../../../Users/vi894741/Documents/GitHub/Ascendant/AscendantWS/Content/CombatInterface.uasset" 142
"../../../../../../Users/vi894741/Documents/GitHub/Ascendant/AscendantWS/Content/Mannequin/Character/Materials/MaterialLayers/T_ML_Rubber_Blue_01_D.uasset" 143
"../../../../../../Users/vi894741/Documents/GitHub/Ascendant/AscendantWS/Content/Mannequin/Character/Materials/MaterialLayers/T_ML_Rubber_Blue_01_N.uasset" 144
"../../../../../../Users/vi894741/Documents/GitHub/Ascendant/AscendantWS/Content/Mannequin/Character/Materials/MaterialLayers/ML_GlossyBlack_Latex_UE4.uasset" 145
"../../../../../../Users/vi894741/Documents/GitHub/Ascendant/AscendantWS/Content/Mannequin/Character/Materials/MaterialLayers/ML_Plastic_Shiny_Beige.uasset" 146
"../../../../../../Users/vi894741/Documents/GitHub/Ascendant/AscendantWS/Content/Mannequin/Character/Textures/UE4_LOGO_CARD.uasset" 147
"../../../../../../Users/vi894741/Documents/GitHub/Ascendant/AscendantWS/Content/Mannequin/Character/Materials/MaterialLayers/ML_Plastic_Shiny_Beige_LOGO.uasset" 148
"../../../../../../Users/vi894741/Documents/GitHub/Ascendant/AscendantWS/Content/Mannequin/Character/Materials/MaterialLayers/T_ML_Aluminum01.uasset" 149
"../../../../../../Users/vi894741/Documents/GitHub/Ascendant/AscendantWS/Content/Mannequin/Character/Materials/MaterialLayers/T_ML_Aluminum01_N.uasset" 150
"../../../../../../Users/vi894741/Documents/GitHub/Ascendant/AscendantWS/Content/Mannequin/Character/Materials/MaterialLayers/ML_SoftMetal_UE4.uasset" 151
"../../../../../../Users/vi894741/Documents/GitHub/Ascendant/AscendantWS/Content/Mannequin/Character/Textures/UE4_Mannequin__normals.uasset" 152
"../../../../../../Users/vi894741/Documents/GitHub/Ascendant/AscendantWS/Content/Mannequin/Character/Textures/UE4_Mannequin_MAT_MASKA.uasset" 153
"../../../../../../Users/vi894741/Documents/GitHub/Ascendant/AscendantWS/Content/Mannequin/Character/Materials/M_UE4Man_Body.uasset" 154
"../../../../../../Users/vi894741/Documents/GitHub/Ascendant/AscendantWS/Content/Mannequin/Character/Textures/UE4Man_Logo_N.uasset" 155
"../../../../../../Users/vi894741/Documents/GitHub/Ascendant/AscendantWS/Content/Mannequin/Character/Materials/M_UE4Man_ChestLogo.uasset" 156
"../../../../../../Users/vi894741/Documents/GitHub/Ascendant/AscendantWS/Content/Mannequin/Character/Mesh/SK_Mannequin_PhysicsAsset.uasset" 157
"../../../../../../Users/vi894741/Documents/GitHub/Ascendant/AscendantWS/Content/Mannequin/Character/Mesh/SK_Mannequin.uasset" 158
"../../../../../../Users/vi894741/Documents/GitHub/Ascendant/AscendantWS/Content/AI/NPC/NPC.uasset" 159
"../../../../../../Users/vi894741/Documents/GitHub/Ascendant/AscendantWS/Content/AI/NPC/ChangeNPCSpeed.uasset" 160
"../../../../../../Users/vi894741/Documents/GitHub/Ascendant/AscendantWS/Content/AI/NPC/ChangeStatus.uasset" 161
"../../../../../../Users/vi894741/Documents/GitHub/Ascendant/AscendantWS/Content/AI/NPC/ChasePlayer.uasset" 162
"../../../../../../Users/vi894741/Documents/GitHub/Ascendant/AscendantWS/Content/AI/NPC/DecrementPathIndex.uasset" 163
"../../../../../../Users/vi894741/Documents/GitHub/Ascendant/AscendantWS/Content/AI/NPC/FindPathPoint.uasset" 164
"../../../../../../Users/vi894741/Documents/GitHub/Ascendant/AscendantWS/Content/AI/NPC/FindPlayerLocation.uasset" 165
"../../../../../../Users/vi894741/Documents/GitHub/Ascendant/AscendantWS/Content/AI/NPC/FindRandomLocation.uasset" 166
"../../../../../../Users/vi894741/Documents/GitHub/Ascendant/AscendantWS/Content/AI/NPC/IncrementPathIndex.uasset" 167
"../../../../../../Users/vi894741/Documents/GitHub/Ascendant/AscendantWS/Content/AI/NPC/IsPlayerInRange.uasset" 168
"../../../../../../Users/vi894741/Documents/GitHub/Ascendant/AscendantWS/Content/AI/NPC/LoopPath.uasset" 169
"../../../../../../Users/vi894741/Documents/GitHub/Ascendant/AscendantWS/Content/AI/NPC/MeleeAttack.uasset" 170
"../../../../../../Users/vi894741/Documents/GitHub/Ascendant/AscendantWS/Content/AI/NPC/StopInvestigating.uasset" 171
"../../../../../../Users/vi894741/Documents/GitHub/Ascendant/AscendantWS/Content/AI/RangedAI/Focus.uasset" 172
"../../../../../../Users/vi894741/Documents/GitHub/Ascendant/AscendantWS/Content/AI/RangedAI/LoseFocus.uasset" 173
"../../../../../../Users/vi894741/Documents/GitHub/Ascendant/AscendantWS/Content/AI/NPC/NPC_BT.uasset" 174
"../../../../../../Users/vi894741/Documents/GitHub/Ascendant/AscendantWS/Content/AI/RangedAI/Ranged_BB.uasset" 175
"../../../../../../Users/vi894741/Documents/GitHub/Ascendant/AscendantWS/Content/AI/RangedAI/FirstPerson/Meshes/FirstPersonProjectileMesh.uasset" 176
"../../../../../../Users/vi894741/Documents/GitHub/Ascendant/AscendantWS/Content/AI/RangedAI/FirstPersonBP/Blueprints/FirstPersonProjectile.uasset" 177
"../../../../../../Users/vi894741/Documents/GitHub/Ascendant/AscendantWS/Content/AI/RangedAI/PatrolPathRange.uasset" 178
"../../../../../../Users/vi894741/Documents/GitHub/Ascendant/AscendantWS/Content/AI/RangedAI/RangedAI.uasset" 179
"../../../../../../Users/vi894741/Documents/GitHub/Ascendant/AscendantWS/Content/AI/RangedAI/Ranged_AI.uasset" 180
"../../../../../../Users/vi894741/Documents/GitHub/Ascendant/AscendantWS/Content/AI/RangedAI/ChangeRangeAISpeed.uasset" 181
"../../../../../../Users/vi894741/Documents/GitHub/Ascendant/AscendantWS/Content/AI/RangedAI/ChasePlayer_Range.uasset" 182
"../../../../../../Users/vi894741/Documents/GitHub/Ascendant/AscendantWS/Content/AI/RangedAI/DecrementPathIndexRange.uasset" 183
"../../../../../../Users/vi894741/Documents/GitHub/Ascendant/AscendantWS/Content/AI/RangedAI/FindPathPointRange.uasset" 184
"../../../../../../Users/vi894741/Documents/GitHub/Ascendant/AscendantWS/Content/AI/RangedAI/IncrementPathIndexRange.uasset" 185
"../../../../../../Users/vi894741/Documents/GitHub/Ascendant/AscendantWS/Content/AI/RangedAI/LoopPath_New.uasset" 186
"../../../../../../Users/vi894741/Documents/GitHub/Ascendant/AscendantWS/Content/AI/RangedAI/Shoot.uasset" 187
"../../../../../../Users/vi894741/Documents/GitHub/Ascendant/AscendantWS/Content/AI/RangedAI/PlayerContext.uasset" 188
"../../../../../../Users/vi894741/Documents/GitHub/Ascendant/AscendantWS/Content/AI/RangedAI/FindPlayer.uasset" 189
"../../../../../../Users/vi894741/Documents/GitHub/Ascendant/AscendantWS/Content/AI/RangedAI/Ranged_BT.uasset" 190
"../../../../../../Users/vi894741/Documents/GitHub/Ascendant/AscendantWS/Content/Blueprints/EnemySpawner.uasset" 191
"../../../../../../Users/vi894741/Documents/GitHub/Ascendant/AscendantWS/Content/Blueprints/Explosion.uasset" 192
"../../../../../../Users/vi894741/Documents/GitHub/Ascendant/AscendantWS/Content/Blueprints/FireDamage.uasset" 193
"../../../../../../Users/vi894741/Documents/GitHub/Ascendant/AscendantWS/Content/Blueprints/LightningDamage.uasset" 194
"../../../../../../Users/vi894741/Documents/GitHub/Ascendant/AscendantWS/Content/Blueprints/NormalDamage.uasset" 195
"../../../Engine/Content/BasicShapes/Cube.uasset" 196
"../../../../../../Users/vi894741/Documents/GitHub/Ascendant/AscendantWS/Content/Blueprints/SlidingPlatform.uasset" 197
"../../../../../../Users/vi894741/Documents/GitHub/Ascendant/AscendantWS/Content/Blueprints/WaterDamage.uasset" 198
"../../../../../../Users/vi894741/Documents/GitHub/Ascendant/AscendantWS/Content/Blueprints/FBXImporter/ArrayOfActor.uasset" 199
"../../../Engine/Content/BasicShapes/BasicShapeMaterial.uasset" 200
"../../../../../../Users/vi894741/Documents/GitHub/Ascendant/AscendantWS/Content/Environment/Foilage/StaticMesh.uasset" 201
"../../../../../../Users/vi894741/Documents/GitHub/Ascendant/AscendantWS/Content/Environment/My_Textures/T_Water_N.uasset" 202
"../../../../../../Users/vi894741/Documents/GitHub/Ascendant/AscendantWS/Content/Environment/Materials/Water.uasset" 203
"../../../../../../Users/vi894741/Documents/GitHub/Ascendant/AscendantWS/Content/Environment/Materials/Water_Inst.uasset" 204
"../../../../../../Users/vi894741/Documents/GitHub/Ascendant/AscendantWS/Content/Environment/My_Textures/T_Ground_Grass_D.uasset" 205
"../../../../../../Users/vi894741/Documents/GitHub/Ascendant/AscendantWS/Content/Environment/My_Textures/T_Ground_Grass_N.uasset" 206
"../../../../../../Users/vi894741/Documents/GitHub/Ascendant/AscendantWS/Content/Environment/My_Textures/T_Water_M.uasset" 207
"../../../../../../Users/vi894741/Documents/GitHub/Ascendant/AscendantWS/Content/Geometry/Greek_Meshes/Geometry/Greek_Meshes/Amphi.uasset" 208
"../../../../../../Users/vi894741/Documents/GitHub/Ascendant/AscendantWS/Content/Geometry/Greek_Meshes/Geometry/Greek_Meshes/Greek_House_1.uasset" 209
"../../../../../../Users/vi894741/Documents/GitHub/Ascendant/AscendantWS/Content/Geometry/Greek_Meshes/Geometry/Greek_Meshes/Greek_House_2.uasset" 210
"../../../../../../Users/vi894741/Documents/GitHub/Ascendant/AscendantWS/Content/Geometry/Greek_Meshes/Geometry/Greek_Meshes/Tholos_Temple.uasset" 211
"../../../../../../Users/vi894741/Documents/GitHub/Ascendant/AscendantWS/Content/Geometry/Greek_Meshes/Geometry/Greek_Meshes/Treasury.uasset" 212
"../../../../../../Users/vi894741/Documents/GitHub/Ascendant/AscendantWS/Content/Geometry/Greek_Meshes/Geometry/Meshes/CubeMaterial.uasset" 213
"../../../../../../Users/vi894741/Documents/GitHub/Ascendant/AscendantWS/Content/Meshes/DaggerTextures/DaggerLP_initialShadingGroup_BaseColor.uasset" 214
"../../../../../../Users/vi894741/Documents/GitHub/Ascendant/AscendantWS/Content/Meshes/DaggerTextures/DaggerLP_initialShadingGroup_Normal.uasset" 215
"../../../../../../Users/vi894741/Documents/GitHub/Ascendant/AscendantWS/Content/Meshes/DaggerTextures/DaggerLP_initialShadingGroup_OcclusionRoughnessMetallic.uasset" 216
"../../../../../../Users/vi894741/Documents/GitHub/Ascendant/AscendantWS/Content/Meshes/DaggerMat.uasset" 217
"../../../../../../Users/vi894741/Documents/GitHub/Ascendant/AscendantWS/Content/Meshes/DaggerLP.uasset" 218
"../../../../../../Users/vi894741/Documents/GitHub/Ascendant/AscendantWS/Content/Meshes/KhopeshTextures/Merged_KopeshLP7_defaultMat_BaseColor.uasset" 219
"../../../../../../Users/vi894741/Documents/GitHub/Ascendant/AscendantWS/Content/Meshes/KhopeshTextures/Merged_KopeshLP7_defaultMat_Normal.uasset" 220
"../../../../../../Users/vi894741/Documents/GitHub/Ascendant/AscendantWS/Content/Meshes/KhopeshTextures/Merged_KopeshLP7_defaultMat_OcclusionRoughnessMetallic.uasset" 221
"../../../../../../Users/vi894741/Documents/GitHub/Ascendant/AscendantWS/Content/Meshes/KhopeshMat.uasset" 222
"../../../../../../Users/vi894741/Documents/GitHub/Ascendant/AscendantWS/Content/Meshes/KopeshLP.uasset" 223
"../../../../../../Users/vi894741/Documents/GitHub/Ascendant/AscendantWS/Content/Meshes/ShieldTextures/HoplonLP_lambert1_BaseColor.uasset" 224
"../../../../../../Users/vi894741/Documents/GitHub/Ascendant/AscendantWS/Content/Meshes/ShieldTextures/HoplonLP_lambert1_Normal.uasset" 225
"../../../../../../Users/vi894741/Documents/GitHub/Ascendant/AscendantWS/Content/Meshes/ShieldTextures/HoplonLP_lambert1_OcclusionRoughnessMetallic.uasset" 226
"../../../../../../Users/vi894741/Documents/GitHub/Ascendant/AscendantWS/Content/Meshes/ShieldMat.uasset" 227
"../../../../../../Users/vi894741/Documents/GitHub/Ascendant/AscendantWS/Content/Meshes/ShieldLP.uasset" 228
"../../../../../../Users/vi894741/Documents/GitHub/Ascendant/AscendantWS/Content/Meshes/Props/Prop_Brazier.uasset" 229
"../../../../../../Users/vi894741/Documents/GitHub/Ascendant/AscendantWS/Content/Meshes/Props/Prop_chair.uasset" 230
"../../../../../../Users/vi894741/Documents/GitHub/Ascendant/AscendantWS/Content/Meshes/Props/Prop_Chariot.uasset" 231
"../../../../../../Users/vi894741/Documents/GitHub/Ascendant/AscendantWS/Content/Meshes/Props/Prop_ChestRevOne.uasset" 232
"../../../../../../Users/vi894741/Documents/GitHub/Ascendant/AscendantWS/Content/Meshes/Props/Prop_LongBasket.uasset" 233
"../../../../../../Users/vi894741/Documents/GitHub/Ascendant/AscendantWS/Content/Meshes/Props/Prop_table.uasset" 234
"../../../../../../Users/vi894741/Documents/GitHub/Ascendant/AscendantWS/Content/Meshes/Props/Prop_thiccbasket.uasset" 235
"../../../../../../Users/vi894741/Documents/GitHub/Ascendant/AscendantWS/Content/Meshes/XiphosTextures/Xiphos_BaseColor.uasset" 236
"../../../../../../Users/vi894741/Documents/GitHub/Ascendant/AscendantWS/Content/Meshes/XiphosTextures/Xiphos_Height.uasset" 237
"../../../../../../Users/vi894741/Documents/GitHub/Ascendant/AscendantWS/Content/Meshes/XiphosTextures/Xiphos_Metallic.uasset" 238
"../../../../../../Users/vi894741/Documents/GitHub/Ascendant/AscendantWS/Content/Meshes/XiphosTextures/Xiphos_Mixed_AO.uasset" 239
"../../../../../../Users/vi894741/Documents/GitHub/Ascendant/AscendantWS/Content/Meshes/XiphosTextures/Xiphos_Normal.uasset" 240
"../../../../../../Users/vi894741/Documents/GitHub/Ascendant/AscendantWS/Content/Meshes/XiphosTextures/Xiphos_Roughness.uasset" 241
"../../../../../../Users/vi894741/Documents/GitHub/Ascendant/AscendantWS/Content/PlayerCharacter/Anims/swordandshieldattack4UE4.uasset" 242
"../../../../../../Users/vi894741/Documents/GitHub/Ascendant/AscendantWS/Content/PlayerCharacter/AnimMontages/HeavyAttack1.uasset" 243
"../../../../../../Users/vi894741/Documents/GitHub/Ascendant/AscendantWS/Content/PlayerCharacter/Anims/swordandshieldattack_2_4UE4.uasset" 244
"../../../../../../Users/vi894741/Documents/GitHub/Ascendant/AscendantWS/Content/PlayerCharacter/AnimMontages/HeavyAttack2.uasset" 245
"../../../../../../Users/vi894741/Documents/GitHub/Ascendant/AscendantWS/Content/PlayerCharacter/Anims/swordandshieldslash_4_4UE4.uasset" 246
"../../../../../../Users/vi894741/Documents/GitHub/Ascendant/AscendantWS/Content/PlayerCharacter/AnimMontages/HeavyAttack3.uasset" 247
"../../../../../../Users/vi894741/Documents/GitHub/Ascendant/AscendantWS/Content/PlayerCharacter/Anims/swordandshield180turn4UE4.uasset" 248
"../../../../../../Users/vi894741/Documents/GitHub/Ascendant/AscendantWS/Content/PlayerCharacter/Anims/swordandshield180turn_2_4UE4.uasset" 249
"../../../../../../Users/vi894741/Documents/GitHub/Ascendant/AscendantWS/Content/PlayerCharacter/Anims/swordandshieldcasting4UE4.uasset" 250
"../../../../../../Users/vi894741/Documents/GitHub/Ascendant/AscendantWS/Content/PlayerCharacter/Anims/swordandshieldcrouch4UE4.uasset" 251
"../../../../../../Users/vi894741/Documents/GitHub/Ascendant/AscendantWS/Content/PlayerCharacter/Anims/swordandshieldcrouchblock4UE4.uasset" 252
"../../../../../../Users/vi894741/Documents/GitHub/Ascendant/AscendantWS/Content/PlayerCharacter/Anims/swordandshieldcrouchblockidle4UE4.uasset" 253
"../../../../../../Users/vi894741/Documents/GitHub/Ascendant/AscendantWS/Content/PlayerCharacter/Anims/swordandshieldcrouchblock_2_4UE4.uasset" 254
"../../../../../../Users/vi894741/Documents/GitHub/Ascendant/AscendantWS/Content/PlayerCharacter/Anims/swordandshieldcrouchidle4UE4.uasset" 255
"../../../../../../Users/vi894741/Documents/GitHub/Ascendant/AscendantWS/Content/PlayerCharacter/Anims/swordandshieldcrouching4UE4.uasset" 256
"../../../../../../Users/vi894741/Documents/GitHub/Ascendant/AscendantWS/Content/PlayerCharacter/Anims/swordandshieldcrouching_2_4UE4.uasset" 257
"../../../../../../Users/vi894741/Documents/GitHub/Ascendant/AscendantWS/Content/PlayerCharacter/Anims/swordandshieldcrouching_3_4UE4.uasset" 258
"../../../../../../Users/vi894741/Documents/GitHub/Ascendant/AscendantWS/Content/PlayerCharacter/Anims/swordandshielddeath4UE4.uasset" 259
"../../../../../../Users/vi894741/Documents/GitHub/Ascendant/AscendantWS/Content/PlayerCharacter/Anims/swordandshielddeath_2_4UE4.uasset" 260
"../../../../../../Users/vi894741/Documents/GitHub/Ascendant/AscendantWS/Content/PlayerCharacter/Anims/swordandshieldidle_2_4UE4.uasset" 261
"../../../../../../Users/vi894741/Documents/GitHub/Ascendant/AscendantWS/Content/PlayerCharacter/Anims/swordandshieldidle_3_4UE4.uasset" 262
"../../../../../../Users/vi894741/Documents/GitHub/Ascendant/AscendantWS/Content/PlayerCharacter/Anims/swordandshieldidle_4_4UE4.uasset" 263
"../../../../../../Users/vi894741/Documents/GitHub/Ascendant/AscendantWS/Content/PlayerCharacter/Anims/swordandshieldimpact4UE4.uasset" 264
"../../../../../../Users/vi894741/Documents/GitHub/Ascendant/AscendantWS/Content/PlayerCharacter/Anims/swordandshieldimpact_2_4UE4.uasset" 265
"../../../../../../Users/vi894741/Documents/GitHub/Ascendant/AscendantWS/Content/PlayerCharacter/Anims/swordandshieldimpact_3_4UE4.uasset" 266
"../../../../../../Users/vi894741/Documents/GitHub/Ascendant/AscendantWS/Content/PlayerCharacter/Anims/swordandshieldjump4UE4.uasset" 267
"../../../../../../Users/vi894741/Documents/GitHub/Ascendant/AscendantWS/Content/PlayerCharacter/Anims/swordandshieldjump4UE5.uasset" 268
"../../../../../../Users/vi894741/Documents/GitHub/Ascendant/AscendantWS/Content/PlayerCharacter/Anims/swordandshieldkick4UE4.uasset" 269
"../../../../../../Users/vi894741/Documents/GitHub/Ascendant/AscendantWS/Content/PlayerCharacter/Anims/swordandshieldrun_2_4UE4.uasset" 270
"../../../../../../Users/vi894741/Documents/GitHub/Ascendant/AscendantWS/Content/PlayerCharacter/Anims/swordandshieldslash_2_4UE4.uasset" 271
"../../../../../../Users/vi894741/Documents/GitHub/Ascendant/AscendantWS/Content/PlayerCharacter/Anims/swordandshieldslash_5_4UE4.uasset" 272
"../../../../../../Users/vi894741/Documents/GitHub/Ascendant/AscendantWS/Content/PlayerCharacter/Anims/swordandshieldstrafe_3_4UE4.uasset" 273
"../../../../../../Users/vi894741/Documents/GitHub/Ascendant/AscendantWS/Content/PlayerCharacter/Anims/swordandshieldstrafe_4_4UE4.uasset" 274
"../../../../../../Users/vi894741/Documents/GitHub/Ascendant/AscendantWS/Content/PlayerCharacter/Anims/swordandshieldturn4UE4.uasset" 275
"../../../../../../Users/vi894741/Documents/GitHub/Ascendant/AscendantWS/Content/PlayerCharacter/Anims/swordandshieldturn_2_4UE4.uasset" 276
"../../../../../../Users/vi894741/Documents/GitHub/Ascendant/AscendantWS/Content/WidgetsStrucs/drop.uasset" 277
"../../../../../../Users/vi894741/Documents/GitHub/Ascendant/AscendantWS/Content/Widgets/drop.uasset" 278
"../../../../../../Users/vi894741/Documents/GitHub/Ascendant/AscendantWS/Content/WidgetsStrucs/electric.uasset" 279
"../../../../../../Users/vi894741/Documents/GitHub/Ascendant/AscendantWS/Content/Widgets/electric.uasset" 280
"../../../../../../Users/vi894741/Documents/GitHub/Ascendant/AscendantWS/Content/WidgetsStrucs/flame.uasset" 281
"../../../../../../Users/vi894741/Documents/GitHub/Ascendant/AscendantWS/Content/Widgets/flame.uasset" 282
"../../../../../../Users/vi894741/Documents/GitHub/Ascendant/AscendantWS/Content/Widgets/HealthBarWidget.uasset" 283
"../../../../../../Users/vi894741/Documents/GitHub/Ascendant/AscendantWS/Content/Widgets/InventoryWidget.uasset" 284
"../../../../../../Users/vi894741/Documents/GitHub/Ascendant/AscendantWS/Content/WidgetsStrucs/InvSpaceWidget.uasset" 285
"../../../../../../Users/vi894741/Documents/GitHub/Ascendant/AscendantWS/Content/WidgetsStrucs/InvSpaceWidget_C.uasset" 286
"../../../../../../Users/vi894741/Documents/GitHub/Ascendant/AscendantWS/Content/Widgets/InvSpaceWidget.uasset" 287
"../../../../../../Users/vi894741/Documents/GitHub/Ascendant/AscendantWS/Content/WidgetsStrucs/ItemStruc.uasset" 288
"../../../../../../Users/vi894741/Documents/GitHub/Ascendant/AscendantWS/Content/Widgets/ItemStruc.uasset" 289
"../../../../../../Users/vi894741/Documents/GitHub/Ascendant/AscendantWS/Content/Widgets/PlayerHUD.uasset" 290
"../../../../../../Users/vi894741/Documents/GitHub/Ascendant/AscendantWS/Content/Widgets/SlotStruc.uasset" 291
"../../../Engine/Content/Animation/DefaultAnimCurveCompressionSettings.uasset" 292
"../../../Engine/Content/ArtTools/RenderToTexture/Meshes/S_1_Unit_Plane.uasset" 293
"../../../Engine/Content/BasicShapes/Cylinder.uasset" 294
"../../../Engine/Content/BasicShapes/Plane.uasset" 295
"../../../Engine/Content/EditorLandscapeResources/DataLayer.uasset" 296
"../../../Engine/Content/EditorMaterials/GizmoMaterial.uasset" 297
"../../../Engine/Content/EditorMaterials/MAT_Groups_Toggle.uasset" 298
"../../../Engine/Content/EditorMaterials/MAT_Groups_Visibility.uasset" 299
"../../../Engine/Content/EditorMaterials/PreviewShadowIndicator.uasset" 300
"../../../Engine/Content/EditorMaterials/PreviewShadowIndicatorMaterial.uasset" 301
"../../../Engine/Content/EditorMaterials/MatineeGroups/MAT_ColorTrack.uasset" 302
"../../../Engine/Content/EditorMaterials/MatineeGroups/MAT_Groups_Anim.uasset" 303
"../../../Engine/Content/EditorMaterials/MatineeGroups/MAT_Groups_AudioMaster.uasset" 304
"../../../Engine/Content/EditorMaterials/MatineeGroups/MAT_Groups_Director.uasset" 305
"../../../Engine/Content/EditorMaterials/MatineeGroups/MAT_Groups_Event.uasset" 306
"../../../Engine/Content/EditorMaterials/MatineeGroups/MAT_Groups_Fade.uasset" 307
"../../../Engine/Content/EditorMaterials/MatineeGroups/MAT_Groups_Float.uasset" 308
"../../../Engine/Content/EditorMaterials/MatineeGroups/MAT_Groups_Move.uasset" 309
"../../../Engine/Content/EditorMaterials/MatineeGroups/MAT_Groups_Slomo.uasset" 310
"../../../Engine/Content/EditorMaterials/MatineeGroups/MAT_Groups_Sound.uasset" 311
"../../../Engine/Content/EditorMaterials/MatineeGroups/MAT_Groups_Vector.uasset" 312
"../../../Engine/Content/EditorMaterials/ParticleSystems/PSysThumbnail_NoImage.uasset" 313
"../../../Engine/Content/EditorMaterials/ParticleSystems/PSysThumbnail_OOD.uasset" 314
"../../../Engine/Content/EditorMaterials/Camera/CineMat.uasset" 315
"../../../Engine/Content/EditorMaterials/Camera/MI_CineMat_Rig.uasset" 316
"../../../Engine/Content/EditorMeshes/Camera/SM_CraneRig_Arm.uasset" 317
"../../../Engine/Content/EditorMeshes/Camera/SM_CraneRig_Base.uasset" 318
"../../../Engine/Content/EditorMeshes/Camera/SM_CraneRig_Body.uasset" 319
"../../../Engine/Content/EditorMeshes/Camera/SM_CraneRig_Mount.uasset" 320
"../../../Engine/Content/EditorMeshes/Camera/SM_RailRig_Mount.uasset" 321
"../../../Engine/Content/EditorMeshes/Camera/SM_RailRig_Track.uasset" 322
"../../../Engine/Content/EditorResources/BSPVertex.uasset" 323
"../../../Engine/Content/EditorResources/EmptyActor.uasset" 324
"../../../Engine/Content/EditorResources/S_Actor.uasset" 325
"../../../Engine/Content/EditorResources/S_Note.uasset" 326
"../../../Engine/Content/EditorResources/S_Trigger.uasset" 327
"../../../Engine/Content/EditorResources/SequenceRecorder/Countdown.uasset" 328
"../../../Engine/Content/EditorResources/SequenceRecorder/RecordingIndicator.uasset" 329
"../../../Engine/Content/EditorSounds/Notifications/CompileFailed.uasset" 330
"../../../Engine/Content/EditorSounds/Notifications/CompileFailed_Cue.uasset" 331
"../../../Engine/Content/EditorSounds/Notifications/CompileSuccess.uasset" 332
"../../../Engine/Content/EditorSounds/Notifications/CompileStart_Cue.uasset" 333
"../../../Engine/Content/EditorSounds/Notifications/CompileSuccess_Cue.uasset" 334
"../../../Engine/Content/EngineDamageTypes/DmgTypeBP_Environmental.uasset" 335
"../../../Engine/Content/EngineDebugMaterials/HeatmapGradient.uasset" 336
"../../../Engine/Content/EngineDebugMaterials/BoneWeightMaterial.uasset" 337
"../../../Engine/Content/EngineDebugMaterials/ClothMaterial.uasset" 338
"../../../Engine/Content/EngineDebugMaterials/ClothMaterial_WF.uasset" 339
"../../../Engine/Content/EngineDebugMaterials/DebugEditorMaterial.uasset" 340
"../../../Engine/Content/EngineDebugMaterials/DebugMeshMaterial.uasset" 341
"../../../Engine/Content/EngineDebugMaterials/GeomMaterial.uasset" 342
"../../../Engine/Content/EngineDebugMaterials/M_SimpleTranslucent.uasset" 343
"../../../Engine/Content/EngineFonts/Faces/RobotoBold.uasset" 344
"../../../Engine/Content/EngineFonts/Faces/RobotoBoldItalic.uasset" 345
"../../../Engine/Content/EngineFonts/Faces/RobotoItalic.uasset" 346
"../../../Engine/Content/EngineFonts/Faces/RobotoLight.uasset" 347
"../../../Engine/Content/EngineFonts/Faces/RobotoRegular.uasset" 348
"../../../Engine/Content/EngineFonts/Roboto.uasset" 349
"../../../Engine/Content/EngineFonts/Faces/RobotoTiny.uasset" 350
"../../../Engine/Content/EngineFonts/RobotoTiny.uasset" 351
"../../../Engine/Content/EngineMaterials/BaseFlattenDiffuseMap.uasset" 352
"../../../Engine/Content/EngineMaterials/BaseFlattenEmissiveMap.uasset" 353
"../../../Engine/Content/EngineMaterials/BaseFlattenGrayscaleMap.uasset" 354
"../../../Engine/Content/EngineMaterials/BaseFlattenNormalMap.uasset" 355
"../../../Engine/Content/EngineMaterials/BaseFlattenMaterial.uasset" 356
"../../../Engine/Content/EngineMaterials/DefaultBloomKernel.uasset" 357
"../../../Engine/Content/EngineMaterials/DefaultBokeh.uasset" 358
"../../../Engine/Content/EngineMaterials/DefaultDiffuse.uasset" 359
"../../../Engine/Content/EngineMaterials/DefaultDeferredDecalMaterial.uasset" 360
"../../../Engine/Content/EngineMaterials/DefaultLightFunctionMaterial.uasset" 361
"../../../Engine/Content/Functions/Engine_MaterialFunctions02/Utility/BreakOutFloat2Components.uasset" 362
"../../../Engine/Content/EngineMaterials/DefaultPostProcessMaterial.uasset" 363
"../../../Engine/Content/EngineFonts/RobotoDistanceField.uasset" 364
"../../../Engine/Content/EngineMaterials/DefaultTextMaterialOpaque.uasset" 365
"../../../Engine/Content/EngineMaterials/DefaultWhiteGrid.uasset" 366
"../../../Engine/Content/EngineMaterials/EditorBrushMaterial.uasset" 367
"../../../Engine/Content/EngineMaterials/Good64x64TilingNoiseHighFreq.uasset" 368
"../../../Engine/Content/EngineMaterials/MiniFont.uasset" 369
"../../../Engine/Content/EngineMaterials/InvalidLightmapSettings.uasset" 370
"../../../Engine/Content/EngineMaterials/M_InvalidLightmapSettings.uasset" 371
"../../../Engine/Content/Functions/Engine_MaterialFunctions02/WorldPositionOffset/CameraOffset.uasset" 372
"../../../Engine/Content/EngineMaterials/PhAT_JointLimitMaterial.uasset" 373
"../../../Engine/Content/EngineMaterials/PreintegratedSkinBRDF.uasset" 374
"../../../Engine/Content/EngineMaterials/RemoveSurfaceMaterial.uasset" 375
"../../../Engine/Content/EngineMaterials/WeightMapPlaceholderTexture.uasset" 376
"../../../Engine/Content/EngineResources/WhiteSquareTexture.uasset" 377
"../../../Engine/Content/EngineMaterials/Widget3DPassThrough.uasset" 378
"../../../Engine/Content/EngineMaterials/Widget3DPassThrough_Masked.uasset" 379
"../../../Engine/Content/EngineMaterials/Widget3DPassThrough_Opaque.uasset" 380
"../../../Engine/Content/EngineMaterials/Widget3DPassThrough_Masked_OneSided.uasset" 381
"../../../Engine/Content/EngineMaterials/Widget3DPassThrough_Opaque_OneSided.uasset" 382
"../../../Engine/Content/EngineMaterials/Widget3DPassThrough_Translucent.uasset" 383
"../../../Engine/Content/EngineMaterials/Widget3DPassThrough_Translucent_OneSided.uasset" 384
"../../../Engine/Content/EngineMeshes/Cylinder.uasset" 385
"../../../Engine/Content/EngineMeshes/Sphere.uasset" 386
"../../../Engine/Content/EngineResources/Black.uasset" 387
"../../../Engine/Content/EngineResources/DefaultTexture.uasset" 388
"../../../Engine/Content/EngineResources/DefaultTextureCube.uasset" 389
"../../../Engine/Content/EngineResources/DefaultVolumeTexture2D.uasset" 390
"../../../Engine/Content/EngineResources/DefaultVolumeTexture.uasset" 391
"../../../Engine/Content/EngineResources/GradientTexture0.uasset" 392
"../../../Engine/Content/EngineSounds/Master.uasset" 393
"../../../Engine/Content/Functions/Engine_MaterialFunctions01/Shading/ConvertFromDiffSpec.uasset" 394
"../../../Engine/Content/Functions/Engine_MaterialFunctions01/Shading/PowerToRoughness.uasset" 395
"../../../Engine/Content/Maps/Templates/Thumbnails/Default.uasset" 396
"../../../Engine/Content/Maps/Templates/Thumbnails/VR-Basic.uasset" 397
"../../../Engine/Content/MobileResources/T_MobileControls_texture.uasset" 398
"../../../Engine/Content/MobileResources/T_MobileMenu2.uasset" 399
"../../../Engine/Content/MobileResources/HUD/AnalogHat.uasset" 400
"../../../Engine/Content/MobileResources/HUD/VirtualJoystick_Background.uasset" 401
"../../../Engine/Content/MobileResources/HUD/VirtualJoystick_Thumb.uasset" 402
"../../../Engine/Content/MobileResources/HUD/DefaultVirtualJoysticks.uasset" 403
"../../../Engine/Content/MobileResources/HUD/LeftVirtualJoystickOnly.uasset" 404
"../../../Engine/Content/MobileResources/HUD/MobileHUDButton1_off.uasset" 405
"../../../Engine/Content/MobileResources/HUD/MobileHUDButton1_on.uasset" 406
"../../../Engine/Content/MobileResources/HUD/MobileHUDButton2_off.uasset" 407
"../../../Engine/Content/MobileResources/HUD/MobileHUDButton2_on.uasset" 408
"../../../Engine/Content/MobileResources/HUD/MobileHUDButton3.uasset" 409
"../../../Engine/Content/MobileResources/HUD/MobileHUDButtonFire.uasset" 410
"../../../Engine/Content/MobileResources/HUD/MobileHUDDirectionPad.uasset" 411
"../../../Engine/Content/MobileResources/HUD/MobileHUDDirectionPad2.uasset" 412
"../../../Engine/Content/MobileResources/HUD/MobileHUDDirectionPad3.uasset" 413
"../../../Engine/Content/MobileResources/HUD/MobileHUDDirectionStick.uasset" 414
"../../../Engine/Content/MobileResources/HUD/T_Castle_ThumbstickInner.uasset" 415
"../../../Engine/Content/MobileResources/HUD/T_Castle_ThumbstickOutter.uasset" 416
"../../../Engine/Content/Tutorial/ContentIntroCurve.uasset" 417
"../../../Engine/Content/Tutorial/Basics/LevelEditorAttract.uasset" 418
"../../../Engine/Content/VREditor/LaserPointer/VR_LaserPower_01.uasset" 419
"../../../Engine/Content/VREditor/TransformGizmo/TransformGizmoMaterial.uasset" 420
"../../../Engine/Content/VREditor/TransformGizmo/TranslucentTransformGizmoMaterial.uasset" 421
"../../../Engine/Content/VREditor/TransformGizmo/BoundingBoxCorner.uasset" 422
"../../../Engine/Content/VREditor/TransformGizmo/BoundingBoxEdge.uasset" 423
"../../../Engine/Content/VREditor/TransformGizmo/PlaneTranslationHandle.uasset" 424
"../../../Engine/Content/VREditor/TransformGizmo/Main.uasset" 425
"../../../Engine/Content/VREditor/TransformGizmo/Xray.uasset" 426
"../../../Engine/Content/VREditor/TransformGizmo/SM_Sequencer_Key.uasset" 427
"../../../Engine/Content/VREditor/TransformGizmo/SM_Sequencer_Node.uasset" 428
"../../Plugins/2D/Paper2D/Content/PlaceholderTextures/DummySpriteTexture.uasset" 429
"../../Plugins/2D/Paper2D/Content/DummySprite.uasset" 430
"../../Plugins/2D/Paper2D/Content/DefaultPaperTerrainMaterial.uasset" 431
"../../Plugins/2D/Paper2D/Content/DummySpriteTexture.uasset" 432
"../../Plugins/2D/Paper2D/Content/DefaultSpriteMaterial.uasset" 433
"../../Plugins/2D/Paper2D/Content/MaskedUnlitSpriteMaterial.uasset" 434
"../../Plugins/2D/Paper2D/Content/OpaqueUnlitSpriteMaterial.uasset" 435
"../../Plugins/Runtime/Oculus/OculusVR/Content/OculusMR_RenderTarget.uasset" 436
"../../../Engine/Content/Functions/Engine_MaterialFunctions02/Utility/BreakOutFloat4Components.uasset" 437
"../../../Engine/Content/Functions/Engine_MaterialFunctions02/Utility/MakeFloat2.uasset" 438
"../../../Engine/Content/Functions/Engine_MaterialFunctions02/Utility/MakeFloat3.uasset" 439
"../../Plugins/Runtime/Oculus/OculusVR/Content/Materials/OculusMR_ChromaKey.uasset" 440
"../../Plugins/Runtime/Oculus/OculusVR/Content/Materials/OculusMR_ChromaKey_Lit.uasset" 441
"../../Plugins/Runtime/Oculus/OculusVR/Content/Materials/OculusMR_OpaqueColoredMaterial.uasset" 442
"../../Plugins/Runtime/Oculus/OculusVR/Content/Materials/OculusMR_WhiteMaterial.uasset" 443
"../../Plugins/Runtime/Oculus/OculusVR/Content/Materials/PokeAHoleMaterial.uasset" 444
"../../Plugins/Runtime/Oculus/OculusVR/Content/Textures/GearVRController_AO.uasset" 445
"../../Plugins/Runtime/Oculus/OculusVR/Content/Textures/GearVRController_Color.uasset" 446
"../../Plugins/Runtime/Oculus/OculusVR/Content/Textures/GearVRController_Normal.uasset" 447
"../../Plugins/Runtime/Oculus/OculusVR/Content/Materials/GearVRControllerMaterial.uasset" 448
"../../Plugins/Runtime/Oculus/OculusVR/Content/Meshes/GearVrController.uasset" 449
"../../Plugins/Runtime/Oculus/OculusVR/Content/Textures/touchController_albedo.uasset" 450
"../../Plugins/Runtime/Oculus/OculusVR/Content/Textures/touchController_controlmap.uasset" 451
"../../Plugins/Runtime/Oculus/OculusVR/Content/Materials/touchController_mat.uasset" 452
"../../Plugins/Runtime/Oculus/OculusVR/Content/Meshes/LeftTouchController.uasset" 453
"../../Plugins/Runtime/Oculus/OculusVR/Content/Meshes/RiftHMD.uasset" 454
"../../Plugins/Runtime/Oculus/OculusVR/Content/Meshes/RightTouchController.uasset" 455
"../../../../../../Users/vi894741/Documents/GitHub/Ascendant/AscendantWS/Content/PlayerCharacter/Anims/swordandshieldpowerup4UE4.uasset" 456
"../../../../../../Users/vi894741/Documents/GitHub/Ascendant/AscendantWS/Content/AI/BossAI/AnimMontage/BB_Debuff.uasset" 457
"../../../../../../Users/vi894741/Documents/GitHub/Ascendant/AscendantWS/Content/AI/BossAI/AnimMontage/BB_Heavy.uasset" 458
"../../../../../../Users/vi894741/Documents/GitHub/Ascendant/AscendantWS/Content/PlayerCharacter/Anims/swordandshieldcasting_2_4UE4.uasset" 459
"../../../../../../Users/vi894741/Documents/GitHub/Ascendant/AscendantWS/Content/AI/BossAI/AnimMontage/BB_Range.uasset" 460
"../../../../../../Users/vi894741/Documents/GitHub/Ascendant/AscendantWS/Content/AI/BossAI/AnimMontage/BB_Slam.uasset" 461
"../../../../../../Users/vi894741/Documents/GitHub/Ascendant/AscendantWS/Content/PlayerCharacter/Anims/swordandshieldattack_3_4UE4.uasset" 462
"../../../../../../Users/vi894741/Documents/GitHub/Ascendant/AscendantWS/Content/AI/BossAI/AnimMontage/BB_Sweep.uasset" 463
"../../../../../../Users/vi894741/Documents/GitHub/Ascendant/AscendantWS/Content/Widgets/Boss_Bar.uasset" 464
"../../../../../../Users/vi894741/Documents/GitHub/Ascendant/AscendantWS/Content/AI/BossAI/Boss_AI.uasset" 465
"../../../../../../Users/vi894741/Documents/GitHub/Ascendant/AscendantWS/Content/AI/RangedAI/EQSTestPawn.uasset" 466
"../../../../../../Users/vi894741/Documents/GitHub/Ascendant/AscendantWS/Content/Blueprints/ArrowTrap.uasset" 467
"../../../../../../Users/vi894741/Documents/GitHub/Ascendant/AscendantWS/Content/Blueprints/BindingPanel.uasset" 468
"../../../../../../Users/vi894741/Documents/GitHub/Ascendant/AscendantWS/Content/Blueprints/SlowPanel.uasset" 469
"../../../../../../Users/vi894741/Documents/GitHub/Ascendant/AscendantWS/Content/Structures/StrucMat.uasset" 470
"../../../../../../Users/vi894741/Documents/GitHub/Ascendant/AscendantWS/Content/Structures/Struc1.uasset" 471
"../../../../../../Users/vi894741/Documents/GitHub/Ascendant/AscendantWS/Content/Structures/SmallStruc1.uasset" 472
"../../../../../../Users/vi894741/Documents/GitHub/Ascendant/AscendantWS/Content/Structures/Struc2.uasset" 473
"../../../../../../Users/vi894741/Documents/GitHub/Ascendant/AscendantWS/Content/Structures/SmallStruc2.uasset" 474
"../../../../../../Users/vi894741/Documents/GitHub/Ascendant/AscendantWS/Content/Structures/Struc3.uasset" 475
"../../../../../../Users/vi894741/Documents/GitHub/Ascendant/AscendantWS/Content/Structures/SmallStruc3.uasset" 476
"../../../../../../Users/vi894741/Documents/GitHub/Ascendant/AscendantWS/Content/Blueprints/SmallStrucSpawner.uasset" 477
"../../../../../../Users/vi894741/Documents/GitHub/Ascendant/AscendantWS/Content/PlayerCharacter/Anims/drawspear1.uasset" 478
"../../../../../../Users/vi894741/Documents/GitHub/Ascendant/AscendantWS/Content/PlayerCharacter/Anims/drawspear2.uasset" 479
"../../../../../../Users/vi894741/Documents/GitHub/Ascendant/AscendantWS/Content/PlayerCharacter/Anims/drawsword14UE4.uasset" 480
"../../../../../../Users/vi894741/Documents/GitHub/Ascendant/AscendantWS/Content/PlayerCharacter/Anims/drawsword24UE4.uasset" 481
"../../../../../../Users/vi894741/Documents/GitHub/Ascendant/AscendantWS/Content/PlayerCharacter/Anims/Sheathspear1.uasset" 482
"../../../../../../Users/vi894741/Documents/GitHub/Ascendant/AscendantWS/Content/PlayerCharacter/Anims/Sheathspear2.uasset" 483
"../../../../../../Users/vi894741/Documents/GitHub/Ascendant/AscendantWS/Content/PlayerCharacter/Anims/sheathsword14UE4.uasset" 484
"../../../../../../Users/vi894741/Documents/GitHub/Ascendant/AscendantWS/Content/PlayerCharacter/Anims/sheathsword24UE4.uasset" 485
"../../../../../../Users/vi894741/Documents/GitHub/Ascendant/AscendantWS/Content/PlayerCharacter/Anims/swordandshieldblock4UE4.uasset" 486
"../../../../../../Users/vi894741/Documents/GitHub/Ascendant/AscendantWS/Content/PlayerCharacter/Anims/swordandshieldblock_2_4UE4.uasset" 487
"../../../../../../Users/vi894741/Documents/GitHub/Ascendant/AscendantWS/Content/PlayerCharacter/Anims/swordandshieldblockidle4UE4.uasset" 488
"../../../../../../Users/vi894741/Documents/GitHub/Ascendant/AscendantWS/Content/PlayerCharacter/Anims/swordandshieldstrafe4UE4.uasset" 489
"../../../../../../Users/vi894741/Documents/GitHub/Ascendant/AscendantWS/Content/PlayerCharacter/Anims/swordandshieldstrafe_2_4UE4.uasset" 490
"../../../../../../Users/vi894741/Documents/GitHub/Ascendant/AscendantWS/Content/PlayerCharacter/Anims/swordandshieldwalk4UE4.uasset" 491
"../../../../../../Users/vi894741/Documents/GitHub/Ascendant/AscendantWS/Content/PlayerCharacter/Anims/swordandshieldwalk_2_4UE4.uasset" 492
"../../../../../../Users/vi894741/Documents/GitHub/Ascendant/AscendantWS/Content/PlayerCharacter/PlayerCharB_BlendSpaceS.uasset" 493
"../../../../../../Users/vi894741/Documents/GitHub/Ascendant/AscendantWS/Content/PlayerCharacter/PlayerCharB_BS.uasset" 494
"../../../../../../Users/vi894741/Documents/GitHub/Ascendant/AscendantWS/Content/PlayerCharacter/PlayerCharB_BS_S.uasset" 495
"../../../../../../Users/vi894741/Documents/GitHub/Ascendant/AscendantWS/Content/PlayerCharacter/PlayerCharB_BP.uasset" 496
"../../../../../../Users/vi894741/Documents/GitHub/Ascendant/AscendantWS/Content/Materials/Metal.uasset" 497
"../../../../../../Users/vi894741/Documents/GitHub/Ascendant/AscendantWS/Content/Meshes/Spear.uasset" 498
"../../../../../../Users/vi894741/Documents/GitHub/Ascendant/AscendantWS/Content/PlayerCharacter/PlayerCharB.uasset" 499
"../../../../../../Users/vi894741/Documents/GitHub/Ascendant/AscendantWS/Content/Blueprints/TechConceptGamemode.uasset" 500
"../../../../../../Users/vi894741/Documents/GitHub/Ascendant/AscendantWS/Content/UI/pegasus.uasset" 501
"../../../../../../Users/vi894741/Documents/GitHub/Ascendant/AscendantWS/Content/PlayerCharacter/PowerUp.uasset" 502
"../../../../../../Users/vi894741/Documents/GitHub/Ascendant/AscendantWS/Content/TestWorld_BuiltData.uasset" 503
"../../../../../../Users/vi894741/Documents/GitHub/Ascendant/AscendantWS/Content/Materials/Building.uasset" 504
"../../../../../../Users/vi894741/Documents/GitHub/Ascendant/AscendantWS/Content/Materials/Grass.uasset" 505
"../../../../../../Users/vi894741/Documents/GitHub/Ascendant/AscendantWS/Content/Materials/Large.uasset" 506
"../../../../../../Users/vi894741/Documents/GitHub/Ascendant/AscendantWS/Content/Materials/Medium.uasset" 507
"../../../../../../Users/vi894741/Documents/GitHub/Ascendant/AscendantWS/Content/Materials/Road.uasset" 508
"../../../../../../Users/vi894741/Documents/GitHub/Ascendant/AscendantWS/Content/Materials/Small.uasset" 509
"../../../Engine/Content/EngineMaterials/DefaultPhysicalMaterial.uasset" 510
"../../../Engine/Content/Functions/Engine_MaterialFunctions01/WorldPositionOffset/SimpleGrassWind.uasset" 511
"../../../../../../Users/vi894741/Documents/GitHub/Ascendant/AscendantWS/Content/Environment/My_Textures/T_Bush_D.uasset" 512
"../../../../../../Users/vi894741/Documents/GitHub/Ascendant/AscendantWS/Content/Environment/My_Textures/T_Bush_N.uasset" 513
"../../../../../../Users/vi894741/Documents/GitHub/Ascendant/AscendantWS/Content/Environment/Materials/M_GrassMaster.uasset" 514
"../../../../../../Users/vi894741/Documents/GitHub/Ascendant/AscendantWS/Content/Environment/Materials/M_Grass_Inst.uasset" 515
"../../../../../../Users/vi894741/Documents/GitHub/Ascendant/AscendantWS/Content/Environment/Foilage/Grass.uasset" 516
"../../../../../../Users/vi894741/Documents/GitHub/Ascendant/AscendantWS/Content/Geometry/Greek_Meshes/Geometry/Greek_Meshes/Parthenon.uasset" 517
"../../../../../../Users/vi894741/Documents/GitHub/Ascendant/AscendantWS/Content/Meshes/lambert1.uasset" 518
"../../../../../../Users/vi894741/Documents/GitHub/Ascendant/AscendantWS/Content/Meshes/Greek_Houses_Temp_pasted__pasted__pCube4.uasset" 519
"../../../../../../Users/vi894741/Documents/GitHub/Ascendant/AscendantWS/Content/Meshes/Greek_Houses_Temp_pCube51.uasset" 520
"../../../../../../Users/vi894741/Documents/GitHub/Ascendant/AscendantWS/Content/Meshes/Greek_Houses_Temp_pCube84.uasset" 521
"../../../../../../Users/vi894741/Documents/GitHub/Ascendant/AscendantWS/Content/Meshes/Greek_Houses_Temp_pCube86.uasset" 522
"../../../../../../Users/vi894741/Documents/GitHub/Ascendant/AscendantWS/Content/Meshes/Greek_Stoa.uasset" 523
"../../../../../../Users/vi894741/Documents/GitHub/Ascendant/AscendantWS/Content/Meshes/GC_ArmorMesh.uasset" 524
"../../../../../../Users/vi894741/Documents/GitHub/Ascendant/AscendantWS/Content/Meshes/GC_BodyMesh.uasset" 525
"../../../../../../Users/vi894741/Documents/GitHub/Ascendant/AscendantWS/Content/Meshes/GreekCharacter_LowPoly.uasset" 526
"../../../../../../Users/vi894741/Documents/GitHub/Ascendant/AscendantWS/Content/Meshes/Prop_BenchCurved.uasset" 527
"../../../../../../Users/vi894741/Documents/GitHub/Ascendant/AscendantWS/Content/Meshes/Prop_BenchStraight.uasset" 528
"../../../../../../Users/vi894741/Documents/GitHub/Ascendant/AscendantWS/Content/Meshes/pasted__pasted__pasted__lambert2.uasset" 529
"../../../../../../Users/vi894741/Documents/GitHub/Ascendant/AscendantWS/Content/Meshes/Rock1FBX.uasset" 530
"../../../../../../Users/vi894741/Documents/GitHub/Ascendant/AscendantWS/Content/Meshes/pasted__pasted__lambert3.uasset" 531
"../../../../../../Users/vi894741/Documents/GitHub/Ascendant/AscendantWS/Content/Meshes/Rock2FBX.uasset" 532
"../../../../../../Users/vi894741/Documents/GitHub/Ascendant/AscendantWS/Content/Meshes/pasted__lambert2.uasset" 533
"../../../../../../Users/vi894741/Documents/GitHub/Ascendant/AscendantWS/Content/Meshes/Rock3FBX.uasset" 534
"../../../../../../Users/vi894741/Documents/GitHub/Ascendant/AscendantWS/Content/Meshes/pasted__pasted__lambert2.uasset" 535
"../../../../../../Users/vi894741/Documents/GitHub/Ascendant/AscendantWS/Content/Meshes/Rock4FBX.uasset" 536
"../../../../../../Users/vi894741/Documents/GitHub/Ascendant/AscendantWS/Content/Meshes/Round_Temple.uasset" 537
"../../../../../../Users/vi894741/Documents/GitHub/Ascendant/AscendantWS/Content/Meshes/Square_Temple.uasset" 538
"../../../../../../Users/vi894741/Documents/GitHub/Ascendant/AscendantWS/Content/Particles/Mat_Beam.uasset" 539
"../../../Engine/Content/Functions/Engine_MaterialFunctions01/Density/ExponentialDensity.uasset" 540
"../../../Engine/Content/Functions/Engine_MaterialFunctions01/Gradient/RadialGradientExponential.uasset" 541
"../../../../../../Users/vi894741/Documents/GitHub/Ascendant/AscendantWS/Content/Particles/Mat_Sparks.uasset" 542
"../../../../../../Users/vi894741/Documents/GitHub/Ascendant/AscendantWS/Content/Particles/P_CommonChest.uasset" 543
"../../../../../../Users/vi894741/Documents/GitHub/Ascendant/AscendantWS/Content/Particles/P_CommonMarker.uasset" 544
"../../../../../../Users/vi894741/Documents/GitHub/Ascendant/AscendantWS/Content/Particles/P_RareChest.uasset" 545
"../../../../../../Users/vi894741/Documents/GitHub/Ascendant/AscendantWS/Content/Particles/P_RareMarker.uasset" 546
"../../../../../../Users/vi894741/Documents/GitHub/Ascendant/AscendantWS/Content/Particles/P_UncommonChest.uasset" 547
"../../../../../../Users/vi894741/Documents/GitHub/Ascendant/AscendantWS/Content/Particles/P_UncommonMarker.uasset" 548
"../../../../../../Users/vi894741/Documents/GitHub/Ascendant/AscendantWS/Content/TestWorld.umap" 549
"../../../Engine/Content/Maps/Entry_BuiltData.uasset" 550
"../../../Engine/Content/Maps/Entry.umap" 551
